# JRE version: OpenJDK Runtime Environment Temurin-21.0.10+7 (21.0.10+7) (build 21.0.10+7-LTS)
# Java VM: OpenJDK 64-Bit Server VM Temurin-21.0.10+7 (21.0.10+7-LTS, mixed mode, sharing, tiered, compressed oops, compressed class ptrs, parallel gc, windows-amd64)
GC Precious Log:
 CardTable entry size: 512
 CPUs: 8 total, 8 available
 Memory: 7957M
 Large Page Support: Disabled
 NUMA Support: Disabled
 Compressed Oops: Enabled (32-bit)
 Alignments: Space 512K, Generation 512K, Heap 2M
 Heap Min Capacity: 100M
 Heap Initial Capacity: 100M
 Heap Max Capacity: 2G
 Pre-touch: Disabled
 Parallel Workers: 8
Heap:
 PSYoungGen      total 8192K, used 6444K [0x00000000d5580000, 0x00000000d5f00000, 0x0000000100000000)
  eden space 7680K, 77% used [0x00000000d5580000,0x00000000d5b51bd8,0x00000000d5d00000)
  from space 512K, 94% used [0x00000000d5e00000,0x00000000d5e79778,0x00000000d5e80000)
  to   space 512K, 0% used [0x00000000d5e80000,0x00000000d5e80000,0x00000000d5f00000)
 ParOldGen       total 107520K, used 107072K [0x0000000080000000, 0x0000000086900000, 0x00000000d5580000)
  object space 107520K, 99% used [0x0000000080000000,0x00000000868900d8,0x0000000086900000)
 Metaspace       used 67839K, committed 69504K, reserved 1114112K
  class space    used 7051K, committed 7744K, reserved 1048576K
GC Heap History (20 events):
Event: 151.292 GC heap before
{Heap before GC invocations=145 (full 3):
 PSYoungGen      total 9216K, used 9012K [0x00000000d5580000, 0x00000000d5f80000, 0x0000000100000000)
  eden space 8704K, 100% used [0x00000000d5580000,0x00000000d5e00000,0x00000000d5e00000)
  from space 512K, 60% used [0x00000000d5e80000,0x00000000d5ecd200,0x00000000d5f00000)
  to   space 512K, 0% used [0x00000000d5f00000,0x00000000d5f00000,0x00000000d5f80000)
 ParOldGen       total 102912K, used 102773K [0x0000000080000000, 0x0000000086480000, 0x00000000d5580000)
  object space 102912K, 99% used [0x0000000080000000,0x000000008645d500,0x0000000086480000)
 Metaspace       used 67125K, committed 68672K, reserved 1114112K
  class space    used 6967K, committed 7616K, reserved 1048576K
}
Event: 151.293 GC heap after
{Heap after GC invocations=145 (full 3):
 PSYoungGen      total 9216K, used 424K [0x00000000d5580000, 0x00000000d5f80000, 0x0000000100000000)
  eden space 8704K, 0% used [0x00000000d5580000,0x00000000d5580000,0x00000000d5e00000)
  from space 512K, 82% used [0x00000000d5f00000,0x00000000d5f6a388,0x00000000d5f80000)
  to   space 512K, 0% used [0x00000000d5e80000,0x00000000d5e80000,0x00000000d5f00000)
 ParOldGen       total 103424K, used 102969K [0x0000000080000000, 0x0000000086500000, 0x00000000d5580000)
  object space 103424K, 99% used [0x0000000080000000,0x000000008648e700,0x0000000086500000)
 Metaspace       used 67125K, committed 68672K, reserved 1114112K
  class space    used 6967K, committed 7616K, reserved 1048576K
}
Event: 151.312 GC heap before
{Heap before GC invocations=146 (full 3):
 PSYoungGen      total 9216K, used 9128K [0x00000000d5580000, 0x00000000d5f80000, 0x0000000100000000)
  eden space 8704K, 100% used [0x00000000d5580000,0x00000000d5e00000,0x00000000d5e00000)
  from space 512K, 82% used [0x00000000d5f00000,0x00000000d5f6a388,0x00000000d5f80000)
  to   space 512K, 0% used [0x00000000d5e80000,0x00000000d5e80000,0x00000000d5f00000)
 ParOldGen       total 103424K, used 102969K [0x0000000080000000, 0x0000000086500000, 0x00000000d5580000)
  object space 103424K, 99% used [0x0000000080000000,0x000000008648e700,0x0000000086500000)
 Metaspace       used 67158K, committed 68672K, reserved 1114112K
  class space    used 6968K, committed 7616K, reserved 1048576K
}
Event: 151.314 GC heap after
{Heap after GC invocations=146 (full 3):
 PSYoungGen      total 9216K, used 256K [0x00000000d5580000, 0x00000000d5f80000, 0x0000000100000000)
  eden space 8704K, 0% used [0x00000000d5580000,0x00000000d5580000,0x00000000d5e00000)
  from space 512K, 50% used [0x00000000d5e80000,0x00000000d5ec0000,0x00000000d5f00000)
  to   space 512K, 0% used [0x00000000d5f00000,0x00000000d5f00000,0x00000000d5f80000)
 ParOldGen       total 103424K, used 103223K [0x0000000080000000, 0x0000000086500000, 0x00000000d5580000)
  object space 103424K, 99% used [0x0000000080000000,0x00000000864cdf18,0x0000000086500000)
 Metaspace       used 67158K, committed 68672K, reserved 1114112K
  class space    used 6968K, committed 7616K, reserved 1048576K
}
Event: 151.378 GC heap before
{Heap before GC invocations=147 (full 3):
 PSYoungGen      total 9216K, used 8960K [0x00000000d5580000, 0x00000000d5f80000, 0x0000000100000000)
  eden space 8704K, 100% used [0x00000000d5580000,0x00000000d5e00000,0x00000000d5e00000)
  from space 512K, 50% used [0x00000000d5e80000,0x00000000d5ec0000,0x00000000d5f00000)
  to   space 512K, 0% used [0x00000000d5f00000,0x00000000d5f00000,0x00000000d5f80000)
 ParOldGen       total 103424K, used 103223K [0x0000000080000000, 0x0000000086500000, 0x00000000d5580000)
  object space 103424K, 99% used [0x0000000080000000,0x00000000864cdf18,0x0000000086500000)
 Metaspace       used 67226K, committed 68736K, reserved 1114112K
  class space    used 6974K, committed 7616K, reserved 1048576K
}
Event: 151.381 GC heap after
{Heap after GC invocations=147 (full 3):
 PSYoungGen      total 8192K, used 506K [0x00000000d5580000, 0x00000000d6200000, 0x0000000100000000)
  eden space 7680K, 0% used [0x00000000d5580000,0x00000000d5580000,0x00000000d5d00000)
  from space 512K, 98% used [0x00000000d5f00000,0x00000000d5f7e9c0,0x00000000d5f80000)
  to   space 2048K, 0% used [0x00000000d5d00000,0x00000000d5d00000,0x00000000d5f00000)
 ParOldGen       total 104448K, used 104287K [0x0000000080000000, 0x0000000086600000, 0x00000000d5580000)
  object space 104448K, 99% used [0x0000000080000000,0x00000000865d7eb0,0x0000000086600000)
 Metaspace       used 67226K, committed 68736K, reserved 1114112K
  class space    used 6974K, committed 7616K, reserved 1048576K
}
Event: 151.425 GC heap before
{Heap before GC invocations=148 (full 3):
 PSYoungGen      total 8192K, used 8186K [0x00000000d5580000, 0x00000000d6200000, 0x0000000100000000)
  eden space 7680K, 100% used [0x00000000d5580000,0x00000000d5d00000,0x00000000d5d00000)
  from space 512K, 98% used [0x00000000d5f00000,0x00000000d5f7e9c0,0x00000000d5f80000)
  to   space 2048K, 0% used [0x00000000d5d00000,0x00000000d5d00000,0x00000000d5f00000)
 ParOldGen       total 104448K, used 104287K [0x0000000080000000, 0x0000000086600000, 0x00000000d5580000)
  object space 104448K, 99% used [0x0000000080000000,0x00000000865d7eb0,0x0000000086600000)
 Metaspace       used 67311K, committed 68928K, reserved 1114112K
  class space    used 6995K, committed 7680K, reserved 1048576K
}
Event: 151.427 GC heap after
{Heap after GC invocations=148 (full 3):
 PSYoungGen      total 9216K, used 1370K [0x00000000d5580000, 0x00000000d6000000, 0x0000000100000000)
  eden space 7680K, 0% used [0x00000000d5580000,0x00000000d5580000,0x00000000d5d00000)
  from space 1536K, 89% used [0x00000000d5d00000,0x00000000d5e569c8,0x00000000d5e80000)
  to   space 1536K, 0% used [0x00000000d5e80000,0x00000000d5e80000,0x00000000d6000000)
 ParOldGen       total 104960K, used 104715K [0x0000000080000000, 0x0000000086680000, 0x00000000d5580000)
  object space 104960K, 99% used [0x0000000080000000,0x0000000086642c70,0x0000000086680000)
 Metaspace       used 67311K, committed 68928K, reserved 1114112K
  class space    used 6995K, committed 7680K, reserved 1048576K
}
Event: 151.450 GC heap before
{Heap before GC invocations=149 (full 3):
 PSYoungGen      total 9216K, used 9050K [0x00000000d5580000, 0x00000000d6000000, 0x0000000100000000)
  eden space 7680K, 100% used [0x00000000d5580000,0x00000000d5d00000,0x00000000d5d00000)
  from space 1536K, 89% used [0x00000000d5d00000,0x00000000d5e569c8,0x00000000d5e80000)
  to   space 1536K, 0% used [0x00000000d5e80000,0x00000000d5e80000,0x00000000d6000000)
 ParOldGen       total 104960K, used 104715K [0x0000000080000000, 0x0000000086680000, 0x00000000d5580000)
  object space 104960K, 99% used [0x0000000080000000,0x0000000086642c70,0x0000000086680000)
 Metaspace       used 67337K, committed 68928K, reserved 1114112K
  class space    used 6998K, committed 7680K, reserved 1048576K
}
Event: 151.453 GC heap after
{Heap after GC invocations=149 (full 3):
 PSYoungGen      total 8192K, used 404K [0x00000000d5580000, 0x00000000d5f00000, 0x0000000100000000)
  eden space 7680K, 0% used [0x00000000d5580000,0x00000000d5580000,0x00000000d5d00000)
  from space 512K, 79% used [0x00000000d5e80000,0x00000000d5ee52c0,0x00000000d5f00000)
  to   space 1024K, 0% used [0x00000000d5d00000,0x00000000d5d00000,0x00000000d5e00000)
 ParOldGen       total 106496K, used 105940K [0x0000000080000000, 0x0000000086800000, 0x00000000d5580000)
  object space 106496K, 99% used [0x0000000080000000,0x0000000086775198,0x0000000086800000)
 Metaspace       used 67337K, committed 68928K, reserved 1114112K
  class space    used 6998K, committed 7680K, reserved 1048576K
}
Event: 151.477 GC heap before
{Heap before GC invocations=150 (full 3):
 PSYoungGen      total 8192K, used 8084K [0x00000000d5580000, 0x00000000d5f00000, 0x0000000100000000)
  eden space 7680K, 100% used [0x00000000d5580000,0x00000000d5d00000,0x00000000d5d00000)
  from space 512K, 79% used [0x00000000d5e80000,0x00000000d5ee52c0,0x00000000d5f00000)
  to   space 1024K, 0% used [0x00000000d5d00000,0x00000000d5d00000,0x00000000d5e00000)
 ParOldGen       total 106496K, used 105940K [0x0000000080000000, 0x0000000086800000, 0x00000000d5580000)
  object space 106496K, 99% used [0x0000000080000000,0x0000000086775198,0x0000000086800000)
 Metaspace       used 67338K, committed 68928K, reserved 1114112K
  class space    used 6998K, committed 7680K, reserved 1048576K
}
Event: 151.478 GC heap after
{Heap after GC invocations=150 (full 3):
 PSYoungGen      total 8704K, used 354K [0x00000000d5580000, 0x00000000d5f00000, 0x0000000100000000)
  eden space 7680K, 0% used [0x00000000d5580000,0x00000000d5580000,0x00000000d5d00000)
  from space 1024K, 34% used [0x00000000d5d00000,0x00000000d5d58880,0x00000000d5e00000)
  to   space 512K, 0% used [0x00000000d5e80000,0x00000000d5e80000,0x00000000d5f00000)
 ParOldGen       total 106496K, used 106142K [0x0000000080000000, 0x0000000086800000, 0x00000000d5580000)
  object space 106496K, 99% used [0x0000000080000000,0x00000000867a7a20,0x0000000086800000)
 Metaspace       used 67338K, committed 68928K, reserved 1114112K
  class space    used 6998K, committed 7680K, reserved 1048576K
}
Event: 151.508 GC heap before
{Heap before GC invocations=151 (full 3):
 PSYoungGen      total 8704K, used 8034K [0x00000000d5580000, 0x00000000d5f00000, 0x0000000100000000)
  eden space 7680K, 100% used [0x00000000d5580000,0x00000000d5d00000,0x00000000d5d00000)
  from space 1024K, 34% used [0x00000000d5d00000,0x00000000d5d58880,0x00000000d5e00000)
  to   space 512K, 0% used [0x00000000d5e80000,0x00000000d5e80000,0x00000000d5f00000)
 ParOldGen       total 106496K, used 106142K [0x0000000080000000, 0x0000000086800000, 0x00000000d5580000)
  object space 106496K, 99% used [0x0000000080000000,0x00000000867a7a20,0x0000000086800000)
 Metaspace       used 67347K, committed 68928K, reserved 1114112K
  class space    used 6998K, committed 7680K, reserved 1048576K
}
Event: 151.509 GC heap after
{Heap after GC invocations=151 (full 3):
 PSYoungGen      total 8192K, used 320K [0x00000000d5580000, 0x00000000d5f00000, 0x0000000100000000)
  eden space 7680K, 0% used [0x00000000d5580000,0x00000000d5580000,0x00000000d5d00000)
  from space 512K, 62% used [0x00000000d5e80000,0x00000000d5ed0000,0x00000000d5f00000)
  to   space 512K, 0% used [0x00000000d5e00000,0x00000000d5e00000,0x00000000d5e80000)
 ParOldGen       total 106496K, used 106425K [0x0000000080000000, 0x0000000086800000, 0x00000000d5580000)
  object space 106496K, 99% used [0x0000000080000000,0x00000000867ee4e0,0x0000000086800000)
 Metaspace       used 67347K, committed 68928K, reserved 1114112K
  class space    used 6998K, committed 7680K, reserved 1048576K
}
Event: 151.536 GC heap before
{Heap before GC invocations=152 (full 3):
 PSYoungGen      total 8192K, used 8000K [0x00000000d5580000, 0x00000000d5f00000, 0x0000000100000000)
  eden space 7680K, 100% used [0x00000000d5580000,0x00000000d5d00000,0x00000000d5d00000)
  from space 512K, 62% used [0x00000000d5e80000,0x00000000d5ed0000,0x00000000d5f00000)
  to   space 512K, 0% used [0x00000000d5e00000,0x00000000d5e00000,0x00000000d5e80000)
 ParOldGen       total 106496K, used 106425K [0x0000000080000000, 0x0000000086800000, 0x00000000d5580000)
  object space 106496K, 99% used [0x0000000080000000,0x00000000867ee4e0,0x0000000086800000)
 Metaspace       used 67353K, committed 68928K, reserved 1114112K
  class space    used 6998K, committed 7680K, reserved 1048576K
}
Event: 151.537 GC heap after
{Heap after GC invocations=152 (full 3):
 PSYoungGen      total 8192K, used 256K [0x00000000d5580000, 0x00000000d5f00000, 0x0000000100000000)
  eden space 7680K, 0% used [0x00000000d5580000,0x00000000d5580000,0x00000000d5d00000)
  from space 512K, 50% used [0x00000000d5e00000,0x00000000d5e40000,0x00000000d5e80000)
  to   space 512K, 0% used [0x00000000d5e80000,0x00000000d5e80000,0x00000000d5f00000)
 ParOldGen       total 107008K, used 106617K [0x0000000080000000, 0x0000000086880000, 0x00000000d5580000)
  object space 107008K, 99% used [0x0000000080000000,0x000000008681e4e0,0x0000000086880000)
 Metaspace       used 67353K, committed 68928K, reserved 1114112K
  class space    used 6998K, committed 7680K, reserved 1048576K
}
Event: 151.568 GC heap before
{Heap before GC invocations=153 (full 3):
 PSYoungGen      total 8192K, used 7936K [0x00000000d5580000, 0x00000000d5f00000, 0x0000000100000000)
  eden space 7680K, 100% used [0x00000000d5580000,0x00000000d5d00000,0x00000000d5d00000)
  from space 512K, 50% used [0x00000000d5e00000,0x00000000d5e40000,0x00000000d5e80000)
  to   space 512K, 0% used [0x00000000d5e80000,0x00000000d5e80000,0x00000000d5f00000)
 ParOldGen       total 107008K, used 106617K [0x0000000080000000, 0x0000000086880000, 0x00000000d5580000)
  object space 107008K, 99% used [0x0000000080000000,0x000000008681e4e0,0x0000000086880000)
 Metaspace       used 67356K, committed 68928K, reserved 1114112K
  class space    used 6998K, committed 7680K, reserved 1048576K
}
Event: 151.569 GC heap after
{Heap after GC invocations=153 (full 3):
 PSYoungGen      total 8192K, used 320K [0x00000000d5580000, 0x00000000d5f00000, 0x0000000100000000)
  eden space 7680K, 0% used [0x00000000d5580000,0x00000000d5580000,0x00000000d5d00000)
  from space 512K, 62% used [0x00000000d5e80000,0x00000000d5ed0000,0x00000000d5f00000)
  to   space 512K, 0% used [0x00000000d5e00000,0x00000000d5e00000,0x00000000d5e80000)
 ParOldGen       total 107008K, used 106801K [0x0000000080000000, 0x0000000086880000, 0x00000000d5580000)
  object space 107008K, 99% used [0x0000000080000000,0x000000008684c4e0,0x0000000086880000)
 Metaspace       used 67356K, committed 68928K, reserved 1114112K
  class space    used 6998K, committed 7680K, reserved 1048576K
}
Event: 151.723 GC heap before
{Heap before GC invocations=154 (full 3):
 PSYoungGen      total 8192K, used 8000K [0x00000000d5580000, 0x00000000d5f00000, 0x0000000100000000)
  eden space 7680K, 100% used [0x00000000d5580000,0x00000000d5d00000,0x00000000d5d00000)
  from space 512K, 62% used [0x00000000d5e80000,0x00000000d5ed0000,0x00000000d5f00000)
  to   space 512K, 0% used [0x00000000d5e00000,0x00000000d5e00000,0x00000000d5e80000)
 ParOldGen       total 107008K, used 106801K [0x0000000080000000, 0x0000000086880000, 0x00000000d5580000)
  object space 107008K, 99% used [0x0000000080000000,0x000000008684c4e0,0x0000000086880000)
 Metaspace       used 67461K, committed 69056K, reserved 1114112K
  class space    used 7016K, committed 7680K, reserved 1048576K
}
Event: 151.724 GC heap after
{Heap after GC invocations=154 (full 3):
 PSYoungGen      total 8192K, used 485K [0x00000000d5580000, 0x00000000d5f00000, 0x0000000100000000)
  eden space 7680K, 0% used [0x00000000d5580000,0x00000000d5580000,0x00000000d5d00000)
  from space 512K, 94% used [0x00000000d5e00000,0x00000000d5e79778,0x00000000d5e80000)
  to   space 512K, 0% used [0x00000000d5e80000,0x00000000d5e80000,0x00000000d5f00000)
 ParOldGen       total 107520K, used 107072K [0x0000000080000000, 0x0000000086900000, 0x00000000d5580000)
  object space 107520K, 99% used [0x0000000080000000,0x00000000868900d8,0x0000000086900000)
 Metaspace       used 67461K, committed 69056K, reserved 1114112K
  class space    used 7016K, committed 7680K, reserved 1048576K
}

